Arguments: 
  C:\Program Files\nodejs\node.exe C:\Users\Omistaja\AppData\Roaming\npm\node_modules\yarn\bin\yarn.js install

PATH: 
  C:\Windows\system32;C:\Windows;C:\Windows\System32\Wbem;C:\Windows\System32\WindowsPowerShell\v1.0\;C:\Windows\System32\OpenSSH\;C:\Program Files (x86)\NVIDIA Corporation\PhysX\Common;C:\Program Files\NVIDIA Corporation\NVIDIA NvDLISR;C:\WINDOWS\system32;C:\WINDOWS;C:\WINDOWS\System32\Wbem;C:\WINDOWS\System32\WindowsPowerShell\v1.0\;C:\WINDOWS\System32\OpenSSH\;C:\Program Files\nodejs\;C:\Program Files\Git\cmd;C:\Program Files (x86)\PuTTY\;C:\Users\Omistaja\AppData\Local\Microsoft\WindowsApps;;C:\Users\Omistaja\AppData\Local\Programs\Microsoft VS Code\bin;C:\Users\Omistaja\AppData\Roaming\npm

Yarn version: 
  1.22.10

Node version: 
  14.16.0

Platform: 
  win32 x64

Trace: 
  SyntaxError: C:\Users\Omistaja\Desktop\Elokuu\package.json: Unexpected token } in JSON at position 702
      at JSON.parse (<anonymous>)
      at C:\Users\Omistaja\AppData\Roaming\npm\node_modules\yarn\lib\cli.js:1625:59
      at Generator.next (<anonymous>)
      at step (C:\Users\Omistaja\AppData\Roaming\npm\node_modules\yarn\lib\cli.js:310:30)
      at C:\Users\Omistaja\AppData\Roaming\npm\node_modules\yarn\lib\cli.js:321:13

npm manifest: 
  {
    "name": "elokuu",
    "version": "1.0.0",
    "main": "index.js",
    "license": "MIT",
    "scripts": {
      "start": "nodemon --exec ts-node index.ts"
    },
    "dependencies": {
      "apollo-server": "^3.0.2",
      "apollo-server-express": "^3.0.2",
      "class-validator": "^0.13.1",
      "express": "^4.17.1",
      "graphql": "^15.5.1",
      "graphql-playground": "^1.3.17",
      "graphql-playground-middleware-express": "^1.7.22",
      "graphql-subscriptions": "^1.2.1",
      "reflect-metadata": "^0.1.13",
      "type-graphql": "^1.1.1"
    },
    "devDependencies": {
      "@types/graphql": "^14.5.0",
      "@types/node": "^16.4.2",
      "nodemon": "^2.0.12",
      "ts-node": "^10.1.0",
      "typescript": "^4.3.5"
    }
  }
  
  }

yarn manifest: 
  No manifest

Lockfile: 
  No lockfile
